2025-08-21 13:40:18,994 DEBUG    root            Loaded Command Group: ['gcloud', 'components']
2025-08-21 13:40:18,997 DEBUG    root            Loaded Command Group: ['gcloud', 'components', 'update']
2025-08-21 13:40:18,999 DEBUG    root            Running [gcloud.components.update] with arguments: [--compile-python: "True", --quiet: "True", COMPONENT-IDS:6: "['core', 'gcloud-deps', 'bq', 'gcloud', 'gcloud-crc32c', 'gsutil']"]
2025-08-21 13:40:19,000 INFO     ___FILE_ONLY___ Beginning update. This process may take several minutes.

2025-08-21 13:40:19,038 DEBUG    urllib3.connectionpool Starting new HTTPS connection (1): dl.google.com:443
2025-08-21 13:40:19,964 DEBUG    urllib3.connectionpool https://dl.google.com:443 "GET /dl/cloudsdk/channels/rapid/components-2.json HTTP/11" 200 233150
2025-08-21 13:40:19,976 INFO     ___FILE_ONLY___ 

2025-08-21 13:40:19,976 INFO     ___FILE_ONLY___ 
Your current Google Cloud CLI version is: 535.0.0

2025-08-21 13:40:19,977 INFO     ___FILE_ONLY___ Installing components from version: 535.0.0

2025-08-21 13:40:19,977 INFO     ___FILE_ONLY___ 

2025-08-21 13:40:19,977 DEBUG    root            Chosen display Format:table[box,title="These components will be removed."](details.display_name:label=Name:align=left,version.version_string:label=Version:align=right,data.size.size(zero="",min=1048576):label=Size:align=right)
2025-08-21 13:40:19,977 DEBUG    root            Chosen display Format:table[box,title="These components will be updated."](details.display_name:label=Name:align=left,version.version_string:label=Version:align=right,data.size.size(zero="",min=1048576):label=Size:align=right)
2025-08-21 13:40:19,978 DEBUG    root            Chosen display Format:table[box,title="These components will be installed."](details.display_name:label=Name:align=left,version.version_string:label=Version:align=right,data.size.size(zero="",min=1048576):label=Size:align=right)
2025-08-21 13:40:20,019 INFO     ___FILE_ONLY___ ┌─────────────────────────────────────────────────────────────────────────────┐
2025-08-21 13:40:20,019 INFO     ___FILE_ONLY___ 

2025-08-21 13:40:20,019 INFO     ___FILE_ONLY___ │                     These components will be installed.                     │
2025-08-21 13:40:20,019 INFO     ___FILE_ONLY___ 

2025-08-21 13:40:20,019 INFO     ___FILE_ONLY___ ├─────────────────────────────────────────────────────┬────────────┬──────────┤
2025-08-21 13:40:20,019 INFO     ___FILE_ONLY___ 

2025-08-21 13:40:20,019 INFO     ___FILE_ONLY___ │                         Name                        │  Version   │   Size   │
2025-08-21 13:40:20,019 INFO     ___FILE_ONLY___ 

2025-08-21 13:40:20,019 INFO     ___FILE_ONLY___ ├─────────────────────────────────────────────────────┼────────────┼──────────┤
2025-08-21 13:40:20,020 INFO     ___FILE_ONLY___ 

2025-08-21 13:40:20,020 INFO     ___FILE_ONLY___ │ 
2025-08-21 13:40:20,020 INFO     ___FILE_ONLY___ BigQuery Command Line Tool                         
2025-08-21 13:40:20,020 INFO     ___FILE_ONLY___  
2025-08-21 13:40:20,020 INFO     ___FILE_ONLY___ │ 
2025-08-21 13:40:20,020 INFO     ___FILE_ONLY___     2.1.22
2025-08-21 13:40:20,020 INFO     ___FILE_ONLY___  
2025-08-21 13:40:20,020 INFO     ___FILE_ONLY___ │ 
2025-08-21 13:40:20,020 INFO     ___FILE_ONLY___  1.8 MiB
2025-08-21 13:40:20,020 INFO     ___FILE_ONLY___  
2025-08-21 13:40:20,020 INFO     ___FILE_ONLY___ │
2025-08-21 13:40:20,020 INFO     ___FILE_ONLY___ 

2025-08-21 13:40:20,020 INFO     ___FILE_ONLY___ │ 
2025-08-21 13:40:20,020 INFO     ___FILE_ONLY___ BigQuery Command Line Tool (Platform Specific)     
2025-08-21 13:40:20,020 INFO     ___FILE_ONLY___  
2025-08-21 13:40:20,020 INFO     ___FILE_ONLY___ │ 
2025-08-21 13:40:20,021 INFO     ___FILE_ONLY___     2.1.17
2025-08-21 13:40:20,021 INFO     ___FILE_ONLY___  
2025-08-21 13:40:20,021 INFO     ___FILE_ONLY___ │ 
2025-08-21 13:40:20,021 INFO     ___FILE_ONLY___  < 1 MiB
2025-08-21 13:40:20,021 INFO     ___FILE_ONLY___  
2025-08-21 13:40:20,021 INFO     ___FILE_ONLY___ │
2025-08-21 13:40:20,021 INFO     ___FILE_ONLY___ 

2025-08-21 13:40:20,021 INFO     ___FILE_ONLY___ │ 
2025-08-21 13:40:20,021 INFO     ___FILE_ONLY___ Bundled Python 3.12 (Platform Specific)            
2025-08-21 13:40:20,021 INFO     ___FILE_ONLY___  
2025-08-21 13:40:20,021 INFO     ___FILE_ONLY___ │ 
2025-08-21 13:40:20,021 INFO     ___FILE_ONLY___     3.12.9
2025-08-21 13:40:20,021 INFO     ___FILE_ONLY___  
2025-08-21 13:40:20,021 INFO     ___FILE_ONLY___ │ 
2025-08-21 13:40:20,021 INFO     ___FILE_ONLY___ 89.3 MiB
2025-08-21 13:40:20,021 INFO     ___FILE_ONLY___  
2025-08-21 13:40:20,021 INFO     ___FILE_ONLY___ │
2025-08-21 13:40:20,021 INFO     ___FILE_ONLY___ 

2025-08-21 13:40:20,022 INFO     ___FILE_ONLY___ │ 
2025-08-21 13:40:20,022 INFO     ___FILE_ONLY___ Cloud Storage Command Line Tool                    
2025-08-21 13:40:20,022 INFO     ___FILE_ONLY___  
2025-08-21 13:40:20,022 INFO     ___FILE_ONLY___ │ 
2025-08-21 13:40:20,022 INFO     ___FILE_ONLY___       5.35
2025-08-21 13:40:20,022 INFO     ___FILE_ONLY___  
2025-08-21 13:40:20,022 INFO     ___FILE_ONLY___ │ 
2025-08-21 13:40:20,022 INFO     ___FILE_ONLY___ 12.4 MiB
2025-08-21 13:40:20,022 INFO     ___FILE_ONLY___  
2025-08-21 13:40:20,022 INFO     ___FILE_ONLY___ │
2025-08-21 13:40:20,022 INFO     ___FILE_ONLY___ 

2025-08-21 13:40:20,022 INFO     ___FILE_ONLY___ │ 
2025-08-21 13:40:20,022 INFO     ___FILE_ONLY___ Cloud Storage Command Line Tool (Platform Specific)
2025-08-21 13:40:20,022 INFO     ___FILE_ONLY___  
2025-08-21 13:40:20,023 INFO     ___FILE_ONLY___ │ 
2025-08-21 13:40:20,023 INFO     ___FILE_ONLY___       5.34
2025-08-21 13:40:20,023 INFO     ___FILE_ONLY___  
2025-08-21 13:40:20,023 INFO     ___FILE_ONLY___ │ 
2025-08-21 13:40:20,023 INFO     ___FILE_ONLY___  < 1 MiB
2025-08-21 13:40:20,023 INFO     ___FILE_ONLY___  
2025-08-21 13:40:20,023 INFO     ___FILE_ONLY___ │
2025-08-21 13:40:20,023 INFO     ___FILE_ONLY___ 

2025-08-21 13:40:20,023 INFO     ___FILE_ONLY___ │ 
2025-08-21 13:40:20,023 INFO     ___FILE_ONLY___ Google Cloud CLI Core Libraries (Platform Specific)
2025-08-21 13:40:20,023 INFO     ___FILE_ONLY___  
2025-08-21 13:40:20,023 INFO     ___FILE_ONLY___ │ 
2025-08-21 13:40:20,023 INFO     ___FILE_ONLY___ 2025.05.23
2025-08-21 13:40:20,023 INFO     ___FILE_ONLY___  
2025-08-21 13:40:20,023 INFO     ___FILE_ONLY___ │ 
2025-08-21 13:40:20,023 INFO     ___FILE_ONLY___  < 1 MiB
2025-08-21 13:40:20,024 INFO     ___FILE_ONLY___  
2025-08-21 13:40:20,024 INFO     ___FILE_ONLY___ │
2025-08-21 13:40:20,024 INFO     ___FILE_ONLY___ 

2025-08-21 13:40:20,024 INFO     ___FILE_ONLY___ │ 
2025-08-21 13:40:20,024 INFO     ___FILE_ONLY___ Google Cloud CRC32C Hash Tool (Platform Specific)  
2025-08-21 13:40:20,024 INFO     ___FILE_ONLY___  
2025-08-21 13:40:20,024 INFO     ___FILE_ONLY___ │ 
2025-08-21 13:40:20,024 INFO     ___FILE_ONLY___      1.0.0
2025-08-21 13:40:20,024 INFO     ___FILE_ONLY___  
2025-08-21 13:40:20,024 INFO     ___FILE_ONLY___ │ 
2025-08-21 13:40:20,024 INFO     ___FILE_ONLY___  1.5 MiB
2025-08-21 13:40:20,024 INFO     ___FILE_ONLY___  
2025-08-21 13:40:20,024 INFO     ___FILE_ONLY___ │
2025-08-21 13:40:20,024 INFO     ___FILE_ONLY___ 

2025-08-21 13:40:20,024 INFO     ___FILE_ONLY___ │ 
2025-08-21 13:40:20,024 INFO     ___FILE_ONLY___ gcloud cli dependencies (Platform Specific)        
2025-08-21 13:40:20,024 INFO     ___FILE_ONLY___  
2025-08-21 13:40:20,025 INFO     ___FILE_ONLY___ │ 
2025-08-21 13:40:20,025 INFO     ___FILE_ONLY___ 2021.04.16
2025-08-21 13:40:20,025 INFO     ___FILE_ONLY___  
2025-08-21 13:40:20,025 INFO     ___FILE_ONLY___ │ 
2025-08-21 13:40:20,025 INFO     ___FILE_ONLY___  < 1 MiB
2025-08-21 13:40:20,025 INFO     ___FILE_ONLY___  
2025-08-21 13:40:20,025 INFO     ___FILE_ONLY___ │
2025-08-21 13:40:20,025 INFO     ___FILE_ONLY___ 

2025-08-21 13:40:20,025 INFO     ___FILE_ONLY___ └─────────────────────────────────────────────────────┴────────────┴──────────┘
2025-08-21 13:40:20,025 INFO     ___FILE_ONLY___ 

2025-08-21 13:40:20,025 INFO     ___FILE_ONLY___ 

2025-08-21 13:40:20,028 DEBUG    urllib3.connectionpool Starting new HTTPS connection (1): dl.google.com:443
2025-08-21 13:40:20,964 DEBUG    urllib3.connectionpool https://dl.google.com:443 "GET /dl/cloudsdk/channels/rapid/RELEASE_NOTES HTTP/11" 200 1469015
2025-08-21 13:40:21,474 INFO     ___FILE_ONLY___ For the latest full release notes, please visit:
  https://cloud.google.com/sdk/release_notes


2025-08-21 13:40:21,474 INFO     ___FILE_ONLY___ Performing in place update...


2025-08-21 13:40:21,476 INFO     ___FILE_ONLY___ ╔════════════════════════════════════════════════════════════╗

2025-08-21 13:40:21,477 INFO     ___FILE_ONLY___ ╠═ Downloading: BigQuery Command Line Tool                  ═╣

2025-08-21 13:40:21,477 INFO     ___FILE_ONLY___ ╚
2025-08-21 13:40:21,480 DEBUG    urllib3.connectionpool Starting new HTTPS connection (1): dl.google.com:443
2025-08-21 13:40:21,658 DEBUG    urllib3.connectionpool https://dl.google.com:443 "GET /dl/cloudsdk/channels/rapid/components/google-cloud-sdk-bq-20250801150402.tar.gz HTTP/11" 200 1856357
2025-08-21 13:40:21,671 INFO     ___FILE_ONLY___ ═
2025-08-21 13:40:21,671 INFO     ___FILE_ONLY___ ═
2025-08-21 13:40:21,671 INFO     ___FILE_ONLY___ ═
2025-08-21 13:40:21,672 INFO     ___FILE_ONLY___ ═
2025-08-21 13:40:21,672 INFO     ___FILE_ONLY___ ═
2025-08-21 13:40:21,672 INFO     ___FILE_ONLY___ ═
2025-08-21 13:40:21,672 INFO     ___FILE_ONLY___ ═
2025-08-21 13:40:21,672 INFO     ___FILE_ONLY___ ═
2025-08-21 13:40:21,672 INFO     ___FILE_ONLY___ ═
2025-08-21 13:40:21,672 INFO     ___FILE_ONLY___ ═
2025-08-21 13:40:21,672 INFO     ___FILE_ONLY___ ═
2025-08-21 13:40:21,673 INFO     ___FILE_ONLY___ ═
2025-08-21 13:40:21,673 INFO     ___FILE_ONLY___ ═
2025-08-21 13:40:21,673 INFO     ___FILE_ONLY___ ═
2025-08-21 13:40:21,673 INFO     ___FILE_ONLY___ ═
2025-08-21 13:40:21,673 INFO     ___FILE_ONLY___ ═
2025-08-21 13:40:21,673 INFO     ___FILE_ONLY___ ═
2025-08-21 13:40:21,673 INFO     ___FILE_ONLY___ ═
2025-08-21 13:40:21,673 INFO     ___FILE_ONLY___ ═
2025-08-21 13:40:21,674 INFO     ___FILE_ONLY___ ═
2025-08-21 13:40:21,674 INFO     ___FILE_ONLY___ ═
2025-08-21 13:40:21,674 INFO     ___FILE_ONLY___ ═
2025-08-21 13:40:21,674 INFO     ___FILE_ONLY___ ═
2025-08-21 13:40:21,674 INFO     ___FILE_ONLY___ ═
2025-08-21 13:40:21,674 INFO     ___FILE_ONLY___ ═
2025-08-21 13:40:21,674 INFO     ___FILE_ONLY___ ═
2025-08-21 13:40:21,675 INFO     ___FILE_ONLY___ ═
2025-08-21 13:40:21,675 INFO     ___FILE_ONLY___ ═
2025-08-21 13:40:21,675 INFO     ___FILE_ONLY___ ═
2025-08-21 13:40:21,675 INFO     ___FILE_ONLY___ ═
2025-08-21 13:40:21,675 INFO     ___FILE_ONLY___ ═
2025-08-21 13:40:21,675 INFO     ___FILE_ONLY___ ═
2025-08-21 13:40:21,675 INFO     ___FILE_ONLY___ ═
2025-08-21 13:40:21,675 INFO     ___FILE_ONLY___ ═
2025-08-21 13:40:21,676 INFO     ___FILE_ONLY___ ═
2025-08-21 13:40:21,676 INFO     ___FILE_ONLY___ ═
2025-08-21 13:40:21,676 INFO     ___FILE_ONLY___ ═
2025-08-21 13:40:21,676 INFO     ___FILE_ONLY___ ═
2025-08-21 13:40:21,676 INFO     ___FILE_ONLY___ ═
2025-08-21 13:40:21,676 INFO     ___FILE_ONLY___ ═
2025-08-21 13:40:21,676 INFO     ___FILE_ONLY___ ═
2025-08-21 13:40:21,677 INFO     ___FILE_ONLY___ ═
2025-08-21 13:40:21,677 INFO     ___FILE_ONLY___ ═
2025-08-21 13:40:21,677 INFO     ___FILE_ONLY___ ═
2025-08-21 13:40:21,677 INFO     ___FILE_ONLY___ ═
2025-08-21 13:40:21,677 INFO     ___FILE_ONLY___ ═
2025-08-21 13:40:21,677 INFO     ___FILE_ONLY___ ═
2025-08-21 13:40:21,678 INFO     ___FILE_ONLY___ ═
2025-08-21 13:40:21,678 INFO     ___FILE_ONLY___ ═
2025-08-21 13:40:21,678 INFO     ___FILE_ONLY___ ═
2025-08-21 13:40:21,678 INFO     ___FILE_ONLY___ ═
2025-08-21 13:40:21,678 INFO     ___FILE_ONLY___ ═
2025-08-21 13:40:21,678 INFO     ___FILE_ONLY___ ═
2025-08-21 13:40:21,679 INFO     ___FILE_ONLY___ ═
2025-08-21 13:40:21,679 INFO     ___FILE_ONLY___ ═
2025-08-21 13:40:21,679 INFO     ___FILE_ONLY___ ═
2025-08-21 13:40:21,679 INFO     ___FILE_ONLY___ ═
2025-08-21 13:40:21,679 INFO     ___FILE_ONLY___ ═
2025-08-21 13:40:21,679 INFO     ___FILE_ONLY___ ═
2025-08-21 13:40:21,679 INFO     ___FILE_ONLY___ ═
2025-08-21 13:40:21,680 INFO     ___FILE_ONLY___ ╝

2025-08-21 13:40:21,682 INFO     ___FILE_ONLY___ ╔════════════════════════════════════════════════════════════╗

2025-08-21 13:40:21,682 INFO     ___FILE_ONLY___ ╠═ Downloading: BigQuery Command Line Tool (Platform Spe... ═╣

2025-08-21 13:40:21,682 INFO     ___FILE_ONLY___ ╚
2025-08-21 13:40:21,685 DEBUG    urllib3.connectionpool Starting new HTTPS connection (1): dl.google.com:443
2025-08-21 13:40:22,651 DEBUG    urllib3.connectionpool https://dl.google.com:443 "GET /dl/cloudsdk/channels/rapid/components/google-cloud-sdk-bq-nix-20250523104322.tar.gz HTTP/11" 200 1935
2025-08-21 13:40:22,652 INFO     ___FILE_ONLY___ ════════════════════════════════════════════════════════════
2025-08-21 13:40:22,652 INFO     ___FILE_ONLY___ ╝

2025-08-21 13:40:22,654 INFO     ___FILE_ONLY___ ╔════════════════════════════════════════════════════════════╗

2025-08-21 13:40:22,654 INFO     ___FILE_ONLY___ ╠═ Downloading: Bundled Python 3.12                         ═╣

2025-08-21 13:40:22,654 INFO     ___FILE_ONLY___ ╚
2025-08-21 13:40:22,654 INFO     ___FILE_ONLY___ ════════════════════════════════════════════════════════════
2025-08-21 13:40:22,654 INFO     ___FILE_ONLY___ ╝

2025-08-21 13:40:22,656 INFO     ___FILE_ONLY___ ╔════════════════════════════════════════════════════════════╗

2025-08-21 13:40:22,656 INFO     ___FILE_ONLY___ ╠═ Downloading: Bundled Python 3.12 (Platform Specific)     ═╣

2025-08-21 13:40:22,656 INFO     ___FILE_ONLY___ ╚
2025-08-21 13:40:22,659 DEBUG    urllib3.connectionpool Starting new HTTPS connection (1): dl.google.com:443
2025-08-21 13:40:23,596 DEBUG    urllib3.connectionpool https://dl.google.com:443 "GET /dl/cloudsdk/channels/rapid/components/google-cloud-sdk-bundled-python3-unix-linux-x86_64-20250502143716.tar.gz HTTP/11" 200 93610468
2025-08-21 13:40:24,013 INFO     ___FILE_ONLY___ ═
2025-08-21 13:40:24,015 INFO     ___FILE_ONLY___ ═
2025-08-21 13:40:24,017 INFO     ___FILE_ONLY___ ═
2025-08-21 13:40:24,019 INFO     ___FILE_ONLY___ ═
2025-08-21 13:40:24,021 INFO     ___FILE_ONLY___ ═
2025-08-21 13:40:24,023 INFO     ___FILE_ONLY___ ═
2025-08-21 13:40:24,025 INFO     ___FILE_ONLY___ ═
2025-08-21 13:40:24,027 INFO     ___FILE_ONLY___ ═
2025-08-21 13:40:24,029 INFO     ___FILE_ONLY___ ═
2025-08-21 13:40:24,031 INFO     ___FILE_ONLY___ ═
2025-08-21 13:40:24,032 INFO     ___FILE_ONLY___ ═
2025-08-21 13:40:24,034 INFO     ___FILE_ONLY___ ═
2025-08-21 13:40:24,036 INFO     ___FILE_ONLY___ ═
2025-08-21 13:40:24,038 INFO     ___FILE_ONLY___ ═
2025-08-21 13:40:24,040 INFO     ___FILE_ONLY___ ═
2025-08-21 13:40:24,042 INFO     ___FILE_ONLY___ ═
2025-08-21 13:40:24,044 INFO     ___FILE_ONLY___ ═
2025-08-21 13:40:24,046 INFO     ___FILE_ONLY___ ═
2025-08-21 13:40:24,048 INFO     ___FILE_ONLY___ ═
2025-08-21 13:40:24,050 INFO     ___FILE_ONLY___ ═
2025-08-21 13:40:24,052 INFO     ___FILE_ONLY___ ═
2025-08-21 13:40:24,054 INFO     ___FILE_ONLY___ ═
2025-08-21 13:40:24,056 INFO     ___FILE_ONLY___ ═
2025-08-21 13:40:24,058 INFO     ___FILE_ONLY___ ═
2025-08-21 13:40:24,060 INFO     ___FILE_ONLY___ ═
2025-08-21 13:40:24,062 INFO     ___FILE_ONLY___ ═
2025-08-21 13:40:24,063 INFO     ___FILE_ONLY___ ═
2025-08-21 13:40:24,065 INFO     ___FILE_ONLY___ ═
2025-08-21 13:40:24,067 INFO     ___FILE_ONLY___ ═
2025-08-21 13:40:24,069 INFO     ___FILE_ONLY___ ═
2025-08-21 13:40:24,071 INFO     ___FILE_ONLY___ ═
2025-08-21 13:40:24,073 INFO     ___FILE_ONLY___ ═
2025-08-21 13:40:24,075 INFO     ___FILE_ONLY___ ═
2025-08-21 13:40:24,077 INFO     ___FILE_ONLY___ ═
2025-08-21 13:40:24,079 INFO     ___FILE_ONLY___ ═
2025-08-21 13:40:24,081 INFO     ___FILE_ONLY___ ═
2025-08-21 13:40:24,083 INFO     ___FILE_ONLY___ ═
2025-08-21 13:40:24,084 INFO     ___FILE_ONLY___ ═
2025-08-21 13:40:24,086 INFO     ___FILE_ONLY___ ═
2025-08-21 13:40:24,088 INFO     ___FILE_ONLY___ ═
2025-08-21 13:40:24,090 INFO     ___FILE_ONLY___ ═
2025-08-21 13:40:24,092 INFO     ___FILE_ONLY___ ═
2025-08-21 13:40:24,094 INFO     ___FILE_ONLY___ ═
2025-08-21 13:40:24,096 INFO     ___FILE_ONLY___ ═
2025-08-21 13:40:24,098 INFO     ___FILE_ONLY___ ═
2025-08-21 13:40:24,100 INFO     ___FILE_ONLY___ ═
2025-08-21 13:40:24,102 INFO     ___FILE_ONLY___ ═
2025-08-21 13:40:24,104 INFO     ___FILE_ONLY___ ═
2025-08-21 13:40:24,106 INFO     ___FILE_ONLY___ ═
2025-08-21 13:40:24,108 INFO     ___FILE_ONLY___ ═
2025-08-21 13:40:24,110 INFO     ___FILE_ONLY___ ═
2025-08-21 13:40:24,112 INFO     ___FILE_ONLY___ ═
2025-08-21 13:40:24,113 INFO     ___FILE_ONLY___ ═
2025-08-21 13:40:24,115 INFO     ___FILE_ONLY___ ═
2025-08-21 13:40:24,117 INFO     ___FILE_ONLY___ ═
2025-08-21 13:40:24,119 INFO     ___FILE_ONLY___ ═
2025-08-21 13:40:24,121 INFO     ___FILE_ONLY___ ═
2025-08-21 13:40:24,123 INFO     ___FILE_ONLY___ ═
2025-08-21 13:40:24,125 INFO     ___FILE_ONLY___ ═
2025-08-21 13:40:24,127 INFO     ___FILE_ONLY___ ═
2025-08-21 13:40:24,127 INFO     ___FILE_ONLY___ ╝

2025-08-21 13:40:24,129 INFO     ___FILE_ONLY___ ╔════════════════════════════════════════════════════════════╗

2025-08-21 13:40:24,129 INFO     ___FILE_ONLY___ ╠═ Downloading: Cloud Storage Command Line Tool             ═╣

2025-08-21 13:40:24,129 INFO     ___FILE_ONLY___ ╚
2025-08-21 13:40:24,132 DEBUG    urllib3.connectionpool Starting new HTTPS connection (1): dl.google.com:443
2025-08-21 13:40:25,139 DEBUG    urllib3.connectionpool https://dl.google.com:443 "GET /dl/cloudsdk/channels/rapid/components/google-cloud-sdk-gsutil-20250627154417.tar.gz HTTP/11" 200 12962791
2025-08-21 13:40:25,203 INFO     ___FILE_ONLY___ ═
2025-08-21 13:40:25,204 INFO     ___FILE_ONLY___ ═
2025-08-21 13:40:25,204 INFO     ___FILE_ONLY___ ═
2025-08-21 13:40:25,204 INFO     ___FILE_ONLY___ ═
2025-08-21 13:40:25,204 INFO     ___FILE_ONLY___ ═
2025-08-21 13:40:25,205 INFO     ___FILE_ONLY___ ═
2025-08-21 13:40:25,205 INFO     ___FILE_ONLY___ ═
2025-08-21 13:40:25,205 INFO     ___FILE_ONLY___ ═
2025-08-21 13:40:25,206 INFO     ___FILE_ONLY___ ═
2025-08-21 13:40:25,206 INFO     ___FILE_ONLY___ ═
2025-08-21 13:40:25,206 INFO     ___FILE_ONLY___ ═
2025-08-21 13:40:25,207 INFO     ___FILE_ONLY___ ═
2025-08-21 13:40:25,207 INFO     ___FILE_ONLY___ ═
2025-08-21 13:40:25,207 INFO     ___FILE_ONLY___ ═
2025-08-21 13:40:25,207 INFO     ___FILE_ONLY___ ═
2025-08-21 13:40:25,208 INFO     ___FILE_ONLY___ ═
2025-08-21 13:40:25,208 INFO     ___FILE_ONLY___ ═
2025-08-21 13:40:25,208 INFO     ___FILE_ONLY___ ═
2025-08-21 13:40:25,209 INFO     ___FILE_ONLY___ ═
2025-08-21 13:40:25,209 INFO     ___FILE_ONLY___ ═
2025-08-21 13:40:25,209 INFO     ___FILE_ONLY___ ═
2025-08-21 13:40:25,210 INFO     ___FILE_ONLY___ ═
2025-08-21 13:40:25,210 INFO     ___FILE_ONLY___ ═
2025-08-21 13:40:25,210 INFO     ___FILE_ONLY___ ═
2025-08-21 13:40:25,211 INFO     ___FILE_ONLY___ ═
2025-08-21 13:40:25,211 INFO     ___FILE_ONLY___ ═
2025-08-21 13:40:25,211 INFO     ___FILE_ONLY___ ═
2025-08-21 13:40:25,212 INFO     ___FILE_ONLY___ ═
2025-08-21 13:40:25,212 INFO     ___FILE_ONLY___ ═
2025-08-21 13:40:25,212 INFO     ___FILE_ONLY___ ═
2025-08-21 13:40:25,212 INFO     ___FILE_ONLY___ ═
2025-08-21 13:40:25,213 INFO     ___FILE_ONLY___ ═
2025-08-21 13:40:25,213 INFO     ___FILE_ONLY___ ═
2025-08-21 13:40:25,213 INFO     ___FILE_ONLY___ ═
2025-08-21 13:40:25,214 INFO     ___FILE_ONLY___ ═
2025-08-21 13:40:25,214 INFO     ___FILE_ONLY___ ═
2025-08-21 13:40:25,214 INFO     ___FILE_ONLY___ ═
2025-08-21 13:40:25,215 INFO     ___FILE_ONLY___ ═
2025-08-21 13:40:25,215 INFO     ___FILE_ONLY___ ═
2025-08-21 13:40:25,215 INFO     ___FILE_ONLY___ ═
2025-08-21 13:40:25,216 INFO     ___FILE_ONLY___ ═
2025-08-21 13:40:25,216 INFO     ___FILE_ONLY___ ═
2025-08-21 13:40:25,216 INFO     ___FILE_ONLY___ ═
2025-08-21 13:40:25,216 INFO     ___FILE_ONLY___ ═
2025-08-21 13:40:25,217 INFO     ___FILE_ONLY___ ═
2025-08-21 13:40:25,217 INFO     ___FILE_ONLY___ ═
2025-08-21 13:40:25,217 INFO     ___FILE_ONLY___ ═
2025-08-21 13:40:25,218 INFO     ___FILE_ONLY___ ═
2025-08-21 13:40:25,218 INFO     ___FILE_ONLY___ ═
2025-08-21 13:40:25,218 INFO     ___FILE_ONLY___ ═
2025-08-21 13:40:25,219 INFO     ___FILE_ONLY___ ═
2025-08-21 13:40:25,219 INFO     ___FILE_ONLY___ ═
2025-08-21 13:40:25,219 INFO     ___FILE_ONLY___ ═
2025-08-21 13:40:25,220 INFO     ___FILE_ONLY___ ═
2025-08-21 13:40:25,220 INFO     ___FILE_ONLY___ ═
2025-08-21 13:40:25,220 INFO     ___FILE_ONLY___ ═
2025-08-21 13:40:25,221 INFO     ___FILE_ONLY___ ═
2025-08-21 13:40:25,221 INFO     ___FILE_ONLY___ ═
2025-08-21 13:40:25,221 INFO     ___FILE_ONLY___ ═
2025-08-21 13:40:25,221 INFO     ___FILE_ONLY___ ═
2025-08-21 13:40:25,222 INFO     ___FILE_ONLY___ ╝

2025-08-21 13:40:25,224 INFO     ___FILE_ONLY___ ╔════════════════════════════════════════════════════════════╗

2025-08-21 13:40:25,224 INFO     ___FILE_ONLY___ ╠═ Downloading: Cloud Storage Command Line Tool (Platfor... ═╣

2025-08-21 13:40:25,224 INFO     ___FILE_ONLY___ ╚
2025-08-21 13:40:25,227 DEBUG    urllib3.connectionpool Starting new HTTPS connection (1): dl.google.com:443
2025-08-21 13:40:25,399 DEBUG    urllib3.connectionpool https://dl.google.com:443 "GET /dl/cloudsdk/channels/rapid/components/google-cloud-sdk-gsutil-nix-20250523104322.tar.gz HTTP/11" 200 1950
2025-08-21 13:40:25,400 INFO     ___FILE_ONLY___ ════════════════════════════════════════════════════════════
2025-08-21 13:40:25,400 INFO     ___FILE_ONLY___ ╝

2025-08-21 13:40:25,402 INFO     ___FILE_ONLY___ ╔════════════════════════════════════════════════════════════╗

2025-08-21 13:40:25,402 INFO     ___FILE_ONLY___ ╠═ Downloading: Default set of gcloud commands              ═╣

2025-08-21 13:40:25,402 INFO     ___FILE_ONLY___ ╚
2025-08-21 13:40:25,402 INFO     ___FILE_ONLY___ ════════════════════════════════════════════════════════════
2025-08-21 13:40:25,402 INFO     ___FILE_ONLY___ ╝

2025-08-21 13:40:25,404 INFO     ___FILE_ONLY___ ╔════════════════════════════════════════════════════════════╗

2025-08-21 13:40:25,404 INFO     ___FILE_ONLY___ ╠═ Downloading: Google Cloud CLI Core Libraries (Platfor... ═╣

2025-08-21 13:40:25,404 INFO     ___FILE_ONLY___ ╚
2025-08-21 13:40:25,407 DEBUG    urllib3.connectionpool Starting new HTTPS connection (1): dl.google.com:443
2025-08-21 13:40:26,341 DEBUG    urllib3.connectionpool https://dl.google.com:443 "GET /dl/cloudsdk/channels/rapid/components/google-cloud-sdk-core-nix-20250523104322.tar.gz HTTP/11" 200 2325
2025-08-21 13:40:26,342 INFO     ___FILE_ONLY___ ════════════════════════════════════════════════════════════
2025-08-21 13:40:26,342 INFO     ___FILE_ONLY___ ╝

2025-08-21 13:40:26,344 INFO     ___FILE_ONLY___ ╔════════════════════════════════════════════════════════════╗

2025-08-21 13:40:26,344 INFO     ___FILE_ONLY___ ╠═ Downloading: Google Cloud CRC32C Hash Tool               ═╣

2025-08-21 13:40:26,344 INFO     ___FILE_ONLY___ ╚
2025-08-21 13:40:26,344 INFO     ___FILE_ONLY___ ════════════════════════════════════════════════════════════
2025-08-21 13:40:26,344 INFO     ___FILE_ONLY___ ╝

2025-08-21 13:40:26,346 INFO     ___FILE_ONLY___ ╔════════════════════════════════════════════════════════════╗

2025-08-21 13:40:26,346 INFO     ___FILE_ONLY___ ╠═ Downloading: Google Cloud CRC32C Hash Tool (Platform ... ═╣

2025-08-21 13:40:26,346 INFO     ___FILE_ONLY___ ╚
2025-08-21 13:40:26,349 DEBUG    urllib3.connectionpool Starting new HTTPS connection (1): dl.google.com:443
2025-08-21 13:40:27,333 DEBUG    urllib3.connectionpool https://dl.google.com:443 "GET /dl/cloudsdk/channels/rapid/components/google-cloud-sdk-gcloud-crc32c-linux-x86_64-20250613150750.tar.gz HTTP/11" 200 1525557
2025-08-21 13:40:27,345 INFO     ___FILE_ONLY___ ═
2025-08-21 13:40:27,346 INFO     ___FILE_ONLY___ ═
2025-08-21 13:40:27,346 INFO     ___FILE_ONLY___ ═
2025-08-21 13:40:27,346 INFO     ___FILE_ONLY___ ═
2025-08-21 13:40:27,346 INFO     ___FILE_ONLY___ ═
2025-08-21 13:40:27,346 INFO     ___FILE_ONLY___ ═
2025-08-21 13:40:27,346 INFO     ___FILE_ONLY___ ═
2025-08-21 13:40:27,346 INFO     ___FILE_ONLY___ ═
2025-08-21 13:40:27,346 INFO     ___FILE_ONLY___ ═
2025-08-21 13:40:27,346 INFO     ___FILE_ONLY___ ═
2025-08-21 13:40:27,346 INFO     ___FILE_ONLY___ ═
2025-08-21 13:40:27,346 INFO     ___FILE_ONLY___ ═
2025-08-21 13:40:27,347 INFO     ___FILE_ONLY___ ═
2025-08-21 13:40:27,347 INFO     ___FILE_ONLY___ ═
2025-08-21 13:40:27,347 INFO     ___FILE_ONLY___ ═
2025-08-21 13:40:27,347 INFO     ___FILE_ONLY___ ═
2025-08-21 13:40:27,347 INFO     ___FILE_ONLY___ ═
2025-08-21 13:40:27,347 INFO     ___FILE_ONLY___ ═
2025-08-21 13:40:27,347 INFO     ___FILE_ONLY___ ═
2025-08-21 13:40:27,347 INFO     ___FILE_ONLY___ ═
2025-08-21 13:40:27,347 INFO     ___FILE_ONLY___ ═
2025-08-21 13:40:27,347 INFO     ___FILE_ONLY___ ═
2025-08-21 13:40:27,347 INFO     ___FILE_ONLY___ ═
2025-08-21 13:40:27,347 INFO     ___FILE_ONLY___ ═
2025-08-21 13:40:27,348 INFO     ___FILE_ONLY___ ═
2025-08-21 13:40:27,348 INFO     ___FILE_ONLY___ ═
2025-08-21 13:40:27,348 INFO     ___FILE_ONLY___ ═
2025-08-21 13:40:27,348 INFO     ___FILE_ONLY___ ═
2025-08-21 13:40:27,348 INFO     ___FILE_ONLY___ ═
2025-08-21 13:40:27,348 INFO     ___FILE_ONLY___ ═
2025-08-21 13:40:27,348 INFO     ___FILE_ONLY___ ═
2025-08-21 13:40:27,348 INFO     ___FILE_ONLY___ ═
2025-08-21 13:40:27,348 INFO     ___FILE_ONLY___ ═
2025-08-21 13:40:27,348 INFO     ___FILE_ONLY___ ═
2025-08-21 13:40:27,348 INFO     ___FILE_ONLY___ ═
2025-08-21 13:40:27,348 INFO     ___FILE_ONLY___ ═
2025-08-21 13:40:27,349 INFO     ___FILE_ONLY___ ═
2025-08-21 13:40:27,349 INFO     ___FILE_ONLY___ ═
2025-08-21 13:40:27,349 INFO     ___FILE_ONLY___ ═
2025-08-21 13:40:27,349 INFO     ___FILE_ONLY___ ═
2025-08-21 13:40:27,349 INFO     ___FILE_ONLY___ ═
2025-08-21 13:40:27,349 INFO     ___FILE_ONLY___ ═
2025-08-21 13:40:27,349 INFO     ___FILE_ONLY___ ═
2025-08-21 13:40:27,349 INFO     ___FILE_ONLY___ ═
2025-08-21 13:40:27,349 INFO     ___FILE_ONLY___ ═
2025-08-21 13:40:27,349 INFO     ___FILE_ONLY___ ═
2025-08-21 13:40:27,349 INFO     ___FILE_ONLY___ ═
2025-08-21 13:40:27,349 INFO     ___FILE_ONLY___ ═
2025-08-21 13:40:27,350 INFO     ___FILE_ONLY___ ═
2025-08-21 13:40:27,350 INFO     ___FILE_ONLY___ ═
2025-08-21 13:40:27,350 INFO     ___FILE_ONLY___ ═
2025-08-21 13:40:27,350 INFO     ___FILE_ONLY___ ═
2025-08-21 13:40:27,350 INFO     ___FILE_ONLY___ ═
2025-08-21 13:40:27,350 INFO     ___FILE_ONLY___ ═
2025-08-21 13:40:27,350 INFO     ___FILE_ONLY___ ═
2025-08-21 13:40:27,350 INFO     ___FILE_ONLY___ ═
2025-08-21 13:40:27,350 INFO     ___FILE_ONLY___ ═
2025-08-21 13:40:27,350 INFO     ___FILE_ONLY___ ═
2025-08-21 13:40:27,350 INFO     ___FILE_ONLY___ ═
2025-08-21 13:40:27,350 INFO     ___FILE_ONLY___ ═
2025-08-21 13:40:27,350 INFO     ___FILE_ONLY___ ╝

2025-08-21 13:40:27,353 INFO     ___FILE_ONLY___ ╔════════════════════════════════════════════════════════════╗

2025-08-21 13:40:27,353 INFO     ___FILE_ONLY___ ╠═ Downloading: gcloud cli dependencies (Platform Specific) ═╣

2025-08-21 13:40:27,353 INFO     ___FILE_ONLY___ ╚
2025-08-21 13:40:27,357 DEBUG    urllib3.connectionpool Starting new HTTPS connection (1): dl.google.com:443
2025-08-21 13:40:28,340 DEBUG    urllib3.connectionpool https://dl.google.com:443 "GET /dl/cloudsdk/channels/rapid/components/google-cloud-sdk-gcloud-deps-linux-x86_64-20210416153011.tar.gz HTTP/11" 200 104
2025-08-21 13:40:28,340 INFO     ___FILE_ONLY___ ════════════════════════════════════════════════════════════
2025-08-21 13:40:28,340 INFO     ___FILE_ONLY___ ╝

2025-08-21 13:40:28,343 INFO     ___FILE_ONLY___ ╔════════════════════════════════════════════════════════════╗

2025-08-21 13:40:28,343 INFO     ___FILE_ONLY___ ╠═ Installing: BigQuery Command Line Tool                   ═╣

2025-08-21 13:40:28,343 INFO     ___FILE_ONLY___ ╚
2025-08-21 13:40:28,432 INFO     ___FILE_ONLY___ ═
2025-08-21 13:40:28,435 INFO     ___FILE_ONLY___ ═
2025-08-21 13:40:28,437 INFO     ___FILE_ONLY___ ═
2025-08-21 13:40:28,439 INFO     ___FILE_ONLY___ ═
2025-08-21 13:40:28,442 INFO     ___FILE_ONLY___ ═
2025-08-21 13:40:28,444 INFO     ___FILE_ONLY___ ═
2025-08-21 13:40:28,447 INFO     ___FILE_ONLY___ ═
2025-08-21 13:40:28,449 INFO     ___FILE_ONLY___ ═
2025-08-21 13:40:28,451 INFO     ___FILE_ONLY___ ═
2025-08-21 13:40:28,453 INFO     ___FILE_ONLY___ ═
2025-08-21 13:40:28,456 INFO     ___FILE_ONLY___ ═
2025-08-21 13:40:28,458 INFO     ___FILE_ONLY___ ═
2025-08-21 13:40:28,460 INFO     ___FILE_ONLY___ ═
2025-08-21 13:40:28,462 INFO     ___FILE_ONLY___ ═
2025-08-21 13:40:28,464 INFO     ___FILE_ONLY___ ═
2025-08-21 13:40:28,466 INFO     ___FILE_ONLY___ ═
2025-08-21 13:40:28,469 INFO     ___FILE_ONLY___ ═
2025-08-21 13:40:28,471 INFO     ___FILE_ONLY___ ═
2025-08-21 13:40:28,473 INFO     ___FILE_ONLY___ ═
2025-08-21 13:40:28,476 INFO     ___FILE_ONLY___ ═
2025-08-21 13:40:28,479 INFO     ___FILE_ONLY___ ═
2025-08-21 13:40:28,481 INFO     ___FILE_ONLY___ ═
2025-08-21 13:40:28,483 INFO     ___FILE_ONLY___ ═
2025-08-21 13:40:28,485 INFO     ___FILE_ONLY___ ═
2025-08-21 13:40:28,487 INFO     ___FILE_ONLY___ ═
2025-08-21 13:40:28,489 INFO     ___FILE_ONLY___ ═
2025-08-21 13:40:28,491 INFO     ___FILE_ONLY___ ═
2025-08-21 13:40:28,493 INFO     ___FILE_ONLY___ ═
2025-08-21 13:40:28,495 INFO     ___FILE_ONLY___ ═
2025-08-21 13:40:28,499 INFO     ___FILE_ONLY___ ═
2025-08-21 13:40:28,501 INFO     ___FILE_ONLY___ ═
2025-08-21 13:40:28,503 INFO     ___FILE_ONLY___ ═
2025-08-21 13:40:28,505 INFO     ___FILE_ONLY___ ═
2025-08-21 13:40:28,508 INFO     ___FILE_ONLY___ ═
2025-08-21 13:40:28,511 INFO     ___FILE_ONLY___ ═
2025-08-21 13:40:28,518 INFO     ___FILE_ONLY___ ═
2025-08-21 13:40:28,523 INFO     ___FILE_ONLY___ ═
2025-08-21 13:40:28,528 INFO     ___FILE_ONLY___ ═
2025-08-21 13:40:28,530 INFO     ___FILE_ONLY___ ═
2025-08-21 13:40:28,533 INFO     ___FILE_ONLY___ ═
2025-08-21 13:40:28,535 INFO     ___FILE_ONLY___ ═
2025-08-21 13:40:28,537 INFO     ___FILE_ONLY___ ═
2025-08-21 13:40:28,540 INFO     ___FILE_ONLY___ ═
2025-08-21 13:40:28,544 INFO     ___FILE_ONLY___ ═
2025-08-21 13:40:28,546 INFO     ___FILE_ONLY___ ═
2025-08-21 13:40:28,548 INFO     ___FILE_ONLY___ ═
2025-08-21 13:40:28,550 INFO     ___FILE_ONLY___ ═
2025-08-21 13:40:28,553 INFO     ___FILE_ONLY___ ═
2025-08-21 13:40:28,554 INFO     ___FILE_ONLY___ ═
2025-08-21 13:40:28,557 INFO     ___FILE_ONLY___ ═
2025-08-21 13:40:28,559 INFO     ___FILE_ONLY___ ═
2025-08-21 13:40:28,561 INFO     ___FILE_ONLY___ ═
2025-08-21 13:40:28,563 INFO     ___FILE_ONLY___ ═
2025-08-21 13:40:28,566 INFO     ___FILE_ONLY___ ═
2025-08-21 13:40:28,568 INFO     ___FILE_ONLY___ ═
2025-08-21 13:40:28,570 INFO     ___FILE_ONLY___ ═
2025-08-21 13:40:28,572 INFO     ___FILE_ONLY___ ═
2025-08-21 13:40:28,574 INFO     ___FILE_ONLY___ ═
2025-08-21 13:40:28,576 INFO     ___FILE_ONLY___ ═
2025-08-21 13:40:28,579 INFO     ___FILE_ONLY___ ═
2025-08-21 13:40:28,579 INFO     ___FILE_ONLY___ ╝

2025-08-21 13:40:28,588 INFO     ___FILE_ONLY___ ╔════════════════════════════════════════════════════════════╗

2025-08-21 13:40:28,589 INFO     ___FILE_ONLY___ ╠═ Installing: BigQuery Command Line Tool (Platform Spec... ═╣

2025-08-21 13:40:28,589 INFO     ___FILE_ONLY___ ╚
2025-08-21 13:40:28,589 INFO     ___FILE_ONLY___ ════════════════════════════════════════════════════════════
2025-08-21 13:40:28,590 INFO     ___FILE_ONLY___ ╝

2025-08-21 13:40:28,594 INFO     ___FILE_ONLY___ ╔════════════════════════════════════════════════════════════╗

2025-08-21 13:40:28,594 INFO     ___FILE_ONLY___ ╠═ Installing: Bundled Python 3.12                          ═╣

2025-08-21 13:40:28,594 INFO     ___FILE_ONLY___ ╚
2025-08-21 13:40:28,596 INFO     ___FILE_ONLY___ ════════════════════════════════════════════════════════════
2025-08-21 13:40:28,596 INFO     ___FILE_ONLY___ ╝

2025-08-21 13:40:28,598 INFO     ___FILE_ONLY___ ╔════════════════════════════════════════════════════════════╗

2025-08-21 13:40:28,598 INFO     ___FILE_ONLY___ ╠═ Installing: Bundled Python 3.12 (Platform Specific)      ═╣

2025-08-21 13:40:28,598 INFO     ___FILE_ONLY___ ╚
2025-08-21 13:40:30,727 INFO     ___FILE_ONLY___ ═
2025-08-21 13:40:30,740 INFO     ___FILE_ONLY___ ═
2025-08-21 13:40:30,753 INFO     ___FILE_ONLY___ ═
2025-08-21 13:40:30,766 INFO     ___FILE_ONLY___ ═
2025-08-21 13:40:30,780 INFO     ___FILE_ONLY___ ═
2025-08-21 13:40:30,793 INFO     ___FILE_ONLY___ ═
2025-08-21 13:40:30,807 INFO     ___FILE_ONLY___ ═
2025-08-21 13:40:30,820 INFO     ___FILE_ONLY___ ═
2025-08-21 13:40:30,833 INFO     ___FILE_ONLY___ ═
2025-08-21 13:40:30,847 INFO     ___FILE_ONLY___ ═
2025-08-21 13:40:30,860 INFO     ___FILE_ONLY___ ═
2025-08-21 13:40:30,875 INFO     ___FILE_ONLY___ ═
2025-08-21 13:40:30,890 INFO     ___FILE_ONLY___ ═
2025-08-21 13:40:30,906 INFO     ___FILE_ONLY___ ═
2025-08-21 13:40:30,922 INFO     ___FILE_ONLY___ ═
2025-08-21 13:40:30,936 INFO     ___FILE_ONLY___ ═
2025-08-21 13:40:30,950 INFO     ___FILE_ONLY___ ═
2025-08-21 13:40:30,964 INFO     ___FILE_ONLY___ ═
2025-08-21 13:40:30,977 INFO     ___FILE_ONLY___ ═
2025-08-21 13:40:30,991 INFO     ___FILE_ONLY___ ═
2025-08-21 13:40:31,005 INFO     ___FILE_ONLY___ ═
2025-08-21 13:40:31,019 INFO     ___FILE_ONLY___ ═
2025-08-21 13:40:31,032 INFO     ___FILE_ONLY___ ═
2025-08-21 13:40:31,045 INFO     ___FILE_ONLY___ ═
2025-08-21 13:40:31,059 INFO     ___FILE_ONLY___ ═
2025-08-21 13:40:31,072 INFO     ___FILE_ONLY___ ═
2025-08-21 13:40:31,085 INFO     ___FILE_ONLY___ ═
2025-08-21 13:40:31,098 INFO     ___FILE_ONLY___ ═
2025-08-21 13:40:31,111 INFO     ___FILE_ONLY___ ═
2025-08-21 13:40:31,126 INFO     ___FILE_ONLY___ ═
2025-08-21 13:40:31,141 INFO     ___FILE_ONLY___ ═
2025-08-21 13:40:31,157 INFO     ___FILE_ONLY___ ═
2025-08-21 13:40:31,172 INFO     ___FILE_ONLY___ ═
2025-08-21 13:40:31,189 INFO     ___FILE_ONLY___ ═
2025-08-21 13:40:31,208 INFO     ___FILE_ONLY___ ═
2025-08-21 13:40:31,226 INFO     ___FILE_ONLY___ ═
2025-08-21 13:40:32,081 INFO     ___FILE_ONLY___ ═
2025-08-21 13:40:32,105 INFO     ___FILE_ONLY___ ═
2025-08-21 13:40:32,588 INFO     ___FILE_ONLY___ ═
2025-08-21 13:40:32,607 INFO     ___FILE_ONLY___ ═
2025-08-21 13:40:32,629 INFO     ___FILE_ONLY___ ═
2025-08-21 13:40:32,655 INFO     ___FILE_ONLY___ ═
2025-08-21 13:40:32,675 INFO     ___FILE_ONLY___ ═
2025-08-21 13:40:32,703 INFO     ___FILE_ONLY___ ═
2025-08-21 13:40:32,726 INFO     ___FILE_ONLY___ ═
2025-08-21 13:40:32,746 INFO     ___FILE_ONLY___ ═
2025-08-21 13:40:32,764 INFO     ___FILE_ONLY___ ═
2025-08-21 13:40:32,783 INFO     ___FILE_ONLY___ ═
2025-08-21 13:40:32,870 INFO     ___FILE_ONLY___ ═
2025-08-21 13:40:32,889 INFO     ___FILE_ONLY___ ═
2025-08-21 13:40:33,026 INFO     ___FILE_ONLY___ ═
2025-08-21 13:40:33,044 INFO     ___FILE_ONLY___ ═
2025-08-21 13:40:33,062 INFO     ___FILE_ONLY___ ═
2025-08-21 13:40:33,079 INFO     ___FILE_ONLY___ ═
2025-08-21 13:40:33,095 INFO     ___FILE_ONLY___ ═
2025-08-21 13:40:33,114 INFO     ___FILE_ONLY___ ═
2025-08-21 13:40:33,131 INFO     ___FILE_ONLY___ ═
2025-08-21 13:40:33,149 INFO     ___FILE_ONLY___ ═
2025-08-21 13:40:33,178 INFO     ___FILE_ONLY___ ═
2025-08-21 13:40:33,647 INFO     ___FILE_ONLY___ ═
2025-08-21 13:40:33,647 INFO     ___FILE_ONLY___ ╝

2025-08-21 13:40:33,699 INFO     ___FILE_ONLY___ ╔════════════════════════════════════════════════════════════╗

2025-08-21 13:40:33,699 INFO     ___FILE_ONLY___ ╠═ Installing: Cloud Storage Command Line Tool              ═╣

2025-08-21 13:40:33,699 INFO     ___FILE_ONLY___ ╚
2025-08-21 13:40:34,235 INFO     ___FILE_ONLY___ ═
2025-08-21 13:40:34,250 INFO     ___FILE_ONLY___ ═
2025-08-21 13:40:34,265 INFO     ___FILE_ONLY___ ═
2025-08-21 13:40:34,276 INFO     ___FILE_ONLY___ ═
2025-08-21 13:40:34,286 INFO     ___FILE_ONLY___ ═
2025-08-21 13:40:34,322 INFO     ___FILE_ONLY___ ═
2025-08-21 13:40:34,336 INFO     ___FILE_ONLY___ ═
2025-08-21 13:40:34,353 INFO     ___FILE_ONLY___ ═
2025-08-21 13:40:34,369 INFO     ___FILE_ONLY___ ═
2025-08-21 13:40:34,385 INFO     ___FILE_ONLY___ ═
2025-08-21 13:40:34,404 INFO     ___FILE_ONLY___ ═
2025-08-21 13:40:34,416 INFO     ___FILE_ONLY___ ═
2025-08-21 13:40:34,428 INFO     ___FILE_ONLY___ ═
2025-08-21 13:40:34,438 INFO     ___FILE_ONLY___ ═
2025-08-21 13:40:34,448 INFO     ___FILE_ONLY___ ═
2025-08-21 13:40:34,468 INFO     ___FILE_ONLY___ ═
2025-08-21 13:40:34,483 INFO     ___FILE_ONLY___ ═
2025-08-21 13:40:34,493 INFO     ___FILE_ONLY___ ═
2025-08-21 13:40:34,505 INFO     ___FILE_ONLY___ ═
2025-08-21 13:40:34,517 INFO     ___FILE_ONLY___ ═
2025-08-21 13:40:34,528 INFO     ___FILE_ONLY___ ═
2025-08-21 13:40:34,542 INFO     ___FILE_ONLY___ ═
2025-08-21 13:40:34,553 INFO     ___FILE_ONLY___ ═
2025-08-21 13:40:34,565 INFO     ___FILE_ONLY___ ═
2025-08-21 13:40:34,576 INFO     ___FILE_ONLY___ ═
2025-08-21 13:40:34,587 INFO     ___FILE_ONLY___ ═
2025-08-21 13:40:34,598 INFO     ___FILE_ONLY___ ═
2025-08-21 13:40:34,613 INFO     ___FILE_ONLY___ ═
2025-08-21 13:40:34,630 INFO     ___FILE_ONLY___ ═
2025-08-21 13:40:34,643 INFO     ___FILE_ONLY___ ═
2025-08-21 13:40:34,656 INFO     ___FILE_ONLY___ ═
2025-08-21 13:40:34,678 INFO     ___FILE_ONLY___ ═
2025-08-21 13:40:34,694 INFO     ___FILE_ONLY___ ═
2025-08-21 13:40:34,715 INFO     ___FILE_ONLY___ ═
2025-08-21 13:40:34,733 INFO     ___FILE_ONLY___ ═
2025-08-21 13:40:34,750 INFO     ___FILE_ONLY___ ═
2025-08-21 13:40:34,761 INFO     ___FILE_ONLY___ ═
2025-08-21 13:40:34,772 INFO     ___FILE_ONLY___ ═
2025-08-21 13:40:34,809 INFO     ___FILE_ONLY___ ═
2025-08-21 13:40:34,824 INFO     ___FILE_ONLY___ ═
2025-08-21 13:40:34,836 INFO     ___FILE_ONLY___ ═
2025-08-21 13:40:34,847 INFO     ___FILE_ONLY___ ═
2025-08-21 13:40:34,857 INFO     ___FILE_ONLY___ ═
2025-08-21 13:40:34,869 INFO     ___FILE_ONLY___ ═
2025-08-21 13:40:34,880 INFO     ___FILE_ONLY___ ═
2025-08-21 13:40:34,890 INFO     ___FILE_ONLY___ ═
2025-08-21 13:40:34,901 INFO     ___FILE_ONLY___ ═
2025-08-21 13:40:34,911 INFO     ___FILE_ONLY___ ═
2025-08-21 13:40:34,922 INFO     ___FILE_ONLY___ ═
2025-08-21 13:40:34,936 INFO     ___FILE_ONLY___ ═
2025-08-21 13:40:34,951 INFO     ___FILE_ONLY___ ═
2025-08-21 13:40:34,966 INFO     ___FILE_ONLY___ ═
2025-08-21 13:40:34,980 INFO     ___FILE_ONLY___ ═
2025-08-21 13:40:34,994 INFO     ___FILE_ONLY___ ═
2025-08-21 13:40:35,007 INFO     ___FILE_ONLY___ ═
2025-08-21 13:40:35,023 INFO     ___FILE_ONLY___ ═
2025-08-21 13:40:35,042 INFO     ___FILE_ONLY___ ═
2025-08-21 13:40:35,065 INFO     ___FILE_ONLY___ ═
2025-08-21 13:40:35,082 INFO     ___FILE_ONLY___ ═
2025-08-21 13:40:35,101 INFO     ___FILE_ONLY___ ═
2025-08-21 13:40:35,101 INFO     ___FILE_ONLY___ ╝

2025-08-21 13:40:35,133 INFO     ___FILE_ONLY___ ╔════════════════════════════════════════════════════════════╗

2025-08-21 13:40:35,133 INFO     ___FILE_ONLY___ ╠═ Installing: Cloud Storage Command Line Tool (Platform... ═╣

2025-08-21 13:40:35,133 INFO     ___FILE_ONLY___ ╚
2025-08-21 13:40:35,134 INFO     ___FILE_ONLY___ ════════════════════════════════════════════════════════════
2025-08-21 13:40:35,134 INFO     ___FILE_ONLY___ ╝

2025-08-21 13:40:35,138 INFO     ___FILE_ONLY___ ╔════════════════════════════════════════════════════════════╗

2025-08-21 13:40:35,138 INFO     ___FILE_ONLY___ ╠═ Installing: Default set of gcloud commands               ═╣

2025-08-21 13:40:35,138 INFO     ___FILE_ONLY___ ╚
2025-08-21 13:40:35,141 INFO     ___FILE_ONLY___ ════════════════════════════════════════════════════════════
2025-08-21 13:40:35,141 INFO     ___FILE_ONLY___ ╝

2025-08-21 13:40:35,143 INFO     ___FILE_ONLY___ ╔════════════════════════════════════════════════════════════╗

2025-08-21 13:40:35,143 INFO     ___FILE_ONLY___ ╠═ Installing: Google Cloud CLI Core Libraries (Platform... ═╣

2025-08-21 13:40:35,143 INFO     ___FILE_ONLY___ ╚
2025-08-21 13:40:35,144 INFO     ___FILE_ONLY___ ══════════════════════════════
2025-08-21 13:40:35,144 INFO     ___FILE_ONLY___ ══════════════════════════════
2025-08-21 13:40:35,144 INFO     ___FILE_ONLY___ ╝

2025-08-21 13:40:35,149 INFO     ___FILE_ONLY___ ╔════════════════════════════════════════════════════════════╗

2025-08-21 13:40:35,149 INFO     ___FILE_ONLY___ ╠═ Installing: Google Cloud CRC32C Hash Tool                ═╣

2025-08-21 13:40:35,149 INFO     ___FILE_ONLY___ ╚
2025-08-21 13:40:35,152 INFO     ___FILE_ONLY___ ════════════════════════════════════════════════════════════
2025-08-21 13:40:35,152 INFO     ___FILE_ONLY___ ╝

2025-08-21 13:40:35,154 INFO     ___FILE_ONLY___ ╔════════════════════════════════════════════════════════════╗

2025-08-21 13:40:35,154 INFO     ___FILE_ONLY___ ╠═ Installing: Google Cloud CRC32C Hash Tool (Platform S... ═╣

2025-08-21 13:40:35,154 INFO     ___FILE_ONLY___ ╚
2025-08-21 13:40:35,196 INFO     ___FILE_ONLY___ ══════════════════════════════
2025-08-21 13:40:35,197 INFO     ___FILE_ONLY___ ══════════════════════════════
2025-08-21 13:40:35,197 INFO     ___FILE_ONLY___ ╝

2025-08-21 13:40:35,202 INFO     ___FILE_ONLY___ ╔════════════════════════════════════════════════════════════╗

2025-08-21 13:40:35,202 INFO     ___FILE_ONLY___ ╠═ Installing: gcloud cli dependencies (Platform Specific)  ═╣

2025-08-21 13:40:35,202 INFO     ___FILE_ONLY___ ╚
2025-08-21 13:40:35,202 INFO     ___FILE_ONLY___ ════════════════════════════════════════════════════════════
2025-08-21 13:40:35,203 INFO     ___FILE_ONLY___ ╝

2025-08-21 13:40:35,208 DEBUG    root            Updating notification cache...
2025-08-21 13:40:35,208 INFO     ___FILE_ONLY___ 

2025-08-21 13:40:35,210 INFO     ___FILE_ONLY___ Performing post processing steps...
2025-08-21 13:40:35,211 DEBUG    root            Executing command: ['/tools/google-cloud-sdk/bin/gcloud', 'components', 'post-process']
2025-08-21 13:40:43,826 DEBUG    ___FILE_ONLY___ 
2025-08-21 13:40:43,827 DEBUG    ___FILE_ONLY___ 
2025-08-21 13:40:44,003 INFO     root            descriptor_list: [{'universeDomain': 'googleapis.com', 'universeShortName': '', 'authenticationDomain': 'auth.cloud.google.com', 'projectPrefix': '', 'cloudWebDomain': 'cloud.google.com', 'documentationDomain': 'cloud.google.com', 'version': '1.0.0', 'state': 'primary', 'artifactRegistryDomain': 'pkg.dev'}]
2025-08-21 13:40:44,004 INFO     ___FILE_ONLY___ 
Update done!


2025-08-21 13:40:44,007 DEBUG    root            Chosen display Format:none
2025-08-21 13:40:44,008 INFO     root            Display format: "none"
