2025-08-21 13:40:44,764 DEBUG    root            Loaded Command Group: ['gcloud', 'components']
2025-08-21 13:40:44,766 DEBUG    root            Loaded Command Group: ['gcloud', 'components', 'update']
2025-08-21 13:40:44,767 DEBUG    root            Running [gcloud.components.update] with arguments: [--quiet: "True", COMPONENT-IDS:8: "['gcloud', 'core', 'bq', 'gsutil', 'compute', 'preview', 'alpha', 'beta']"]
2025-08-21 13:40:44,768 INFO     ___FILE_ONLY___ Beginning update. This process may take several minutes.

2025-08-21 13:40:44,777 DEBUG    urllib3.connectionpool Starting new HTTPS connection (1): dl.google.com:443
2025-08-21 13:40:45,750 DEBUG    urllib3.connectionpool https://dl.google.com:443 "GET /dl/cloudsdk/channels/rapid/components-2.json HTTP/11" 200 233150
2025-08-21 13:40:45,762 WARNING  root            Component [compute] no longer exists.
2025-08-21 13:40:45,763 INFO     ___FILE_ONLY___ 

2025-08-21 13:40:45,763 INFO     ___FILE_ONLY___ 
Your current Google Cloud CLI version is: 535.0.0

2025-08-21 13:40:45,763 INFO     ___FILE_ONLY___ Installing components from version: 535.0.0

2025-08-21 13:40:45,763 INFO     ___FILE_ONLY___ 

2025-08-21 13:40:45,763 DEBUG    root            Chosen display Format:table[box,title="These components will be removed."](details.display_name:label=Name:align=left,version.version_string:label=Version:align=right,data.size.size(zero="",min=1048576):label=Size:align=right)
2025-08-21 13:40:45,764 DEBUG    root            Chosen display Format:table[box,title="These components will be updated."](details.display_name:label=Name:align=left,version.version_string:label=Version:align=right,data.size.size(zero="",min=1048576):label=Size:align=right)
2025-08-21 13:40:45,764 DEBUG    root            Chosen display Format:table[box,title="These components will be installed."](details.display_name:label=Name:align=left,version.version_string:label=Version:align=right,data.size.size(zero="",min=1048576):label=Size:align=right)
2025-08-21 13:40:45,780 INFO     ___FILE_ONLY___ ┌────────────────────────────────────────────────┐
2025-08-21 13:40:45,780 INFO     ___FILE_ONLY___ 

2025-08-21 13:40:45,780 INFO     ___FILE_ONLY___ │      These components will be installed.       │
2025-08-21 13:40:45,780 INFO     ___FILE_ONLY___ 

2025-08-21 13:40:45,780 INFO     ___FILE_ONLY___ ├─────────────────────────┬────────────┬─────────┤
2025-08-21 13:40:45,780 INFO     ___FILE_ONLY___ 

2025-08-21 13:40:45,780 INFO     ___FILE_ONLY___ │           Name          │  Version   │   Size  │
2025-08-21 13:40:45,780 INFO     ___FILE_ONLY___ 

2025-08-21 13:40:45,781 INFO     ___FILE_ONLY___ ├─────────────────────────┼────────────┼─────────┤
2025-08-21 13:40:45,781 INFO     ___FILE_ONLY___ 

2025-08-21 13:40:45,781 INFO     ___FILE_ONLY___ │ 
2025-08-21 13:40:45,781 INFO     ___FILE_ONLY___ gcloud Alpha Commands  
2025-08-21 13:40:45,781 INFO     ___FILE_ONLY___  
2025-08-21 13:40:45,781 INFO     ___FILE_ONLY___ │ 
2025-08-21 13:40:45,781 INFO     ___FILE_ONLY___ 2025.08.15
2025-08-21 13:40:45,781 INFO     ___FILE_ONLY___  
2025-08-21 13:40:45,781 INFO     ___FILE_ONLY___ │ 
2025-08-21 13:40:45,781 INFO     ___FILE_ONLY___ < 1 MiB
2025-08-21 13:40:45,781 INFO     ___FILE_ONLY___  
2025-08-21 13:40:45,781 INFO     ___FILE_ONLY___ │
2025-08-21 13:40:45,781 INFO     ___FILE_ONLY___ 

2025-08-21 13:40:45,781 INFO     ___FILE_ONLY___ │ 
2025-08-21 13:40:45,781 INFO     ___FILE_ONLY___ gcloud Beta Commands   
2025-08-21 13:40:45,781 INFO     ___FILE_ONLY___  
2025-08-21 13:40:45,781 INFO     ___FILE_ONLY___ │ 
2025-08-21 13:40:45,781 INFO     ___FILE_ONLY___ 2025.08.15
2025-08-21 13:40:45,781 INFO     ___FILE_ONLY___  
2025-08-21 13:40:45,781 INFO     ___FILE_ONLY___ │ 
2025-08-21 13:40:45,782 INFO     ___FILE_ONLY___ < 1 MiB
2025-08-21 13:40:45,782 INFO     ___FILE_ONLY___  
2025-08-21 13:40:45,782 INFO     ___FILE_ONLY___ │
2025-08-21 13:40:45,782 INFO     ___FILE_ONLY___ 

2025-08-21 13:40:45,782 INFO     ___FILE_ONLY___ │ 
2025-08-21 13:40:45,782 INFO     ___FILE_ONLY___ gcloud Preview Commands
2025-08-21 13:40:45,782 INFO     ___FILE_ONLY___  
2025-08-21 13:40:45,782 INFO     ___FILE_ONLY___ │ 
2025-08-21 13:40:45,782 INFO     ___FILE_ONLY___           
2025-08-21 13:40:45,782 INFO     ___FILE_ONLY___  
2025-08-21 13:40:45,782 INFO     ___FILE_ONLY___ │ 
2025-08-21 13:40:45,782 INFO     ___FILE_ONLY___ < 1 MiB
2025-08-21 13:40:45,782 INFO     ___FILE_ONLY___  
2025-08-21 13:40:45,782 INFO     ___FILE_ONLY___ │
2025-08-21 13:40:45,782 INFO     ___FILE_ONLY___ 

2025-08-21 13:40:45,782 INFO     ___FILE_ONLY___ └─────────────────────────┴────────────┴─────────┘
2025-08-21 13:40:45,782 INFO     ___FILE_ONLY___ 

2025-08-21 13:40:45,782 INFO     ___FILE_ONLY___ 

2025-08-21 13:40:45,785 DEBUG    urllib3.connectionpool Starting new HTTPS connection (1): dl.google.com:443
2025-08-21 13:40:46,759 DEBUG    urllib3.connectionpool https://dl.google.com:443 "GET /dl/cloudsdk/channels/rapid/RELEASE_NOTES HTTP/11" 200 1469015
2025-08-21 13:40:47,257 INFO     ___FILE_ONLY___ For the latest full release notes, please visit:
  https://cloud.google.com/sdk/release_notes


2025-08-21 13:40:47,258 INFO     ___FILE_ONLY___ Performing in place update...


2025-08-21 13:40:47,259 INFO     ___FILE_ONLY___ ╔════════════════════════════════════════════════════════════╗

2025-08-21 13:40:47,260 INFO     ___FILE_ONLY___ ╠═ Downloading: gcloud Alpha Commands                       ═╣

2025-08-21 13:40:47,260 INFO     ___FILE_ONLY___ ╚
2025-08-21 13:40:47,262 DEBUG    urllib3.connectionpool Starting new HTTPS connection (1): dl.google.com:443
2025-08-21 13:40:48,282 DEBUG    urllib3.connectionpool https://dl.google.com:443 "GET /dl/cloudsdk/channels/rapid/components/google-cloud-sdk-alpha-20250815145907.tar.gz HTTP/11" 200 800
2025-08-21 13:40:48,282 INFO     ___FILE_ONLY___ ════════════════════════════════════════════════════════════
2025-08-21 13:40:48,282 INFO     ___FILE_ONLY___ ╝

2025-08-21 13:40:48,284 INFO     ___FILE_ONLY___ ╔════════════════════════════════════════════════════════════╗

2025-08-21 13:40:48,284 INFO     ___FILE_ONLY___ ╠═ Downloading: gcloud Beta Commands                        ═╣

2025-08-21 13:40:48,284 INFO     ___FILE_ONLY___ ╚
2025-08-21 13:40:48,287 DEBUG    urllib3.connectionpool Starting new HTTPS connection (1): dl.google.com:443
2025-08-21 13:40:49,277 DEBUG    urllib3.connectionpool https://dl.google.com:443 "GET /dl/cloudsdk/channels/rapid/components/google-cloud-sdk-beta-20250815145907.tar.gz HTTP/11" 200 797
2025-08-21 13:40:49,280 INFO     ___FILE_ONLY___ ════════════════════════════════════════════════════════════
2025-08-21 13:40:49,280 INFO     ___FILE_ONLY___ ╝

2025-08-21 13:40:49,282 INFO     ___FILE_ONLY___ ╔════════════════════════════════════════════════════════════╗

2025-08-21 13:40:49,282 INFO     ___FILE_ONLY___ ╠═ Downloading: gcloud Preview Commands                     ═╣

2025-08-21 13:40:49,282 INFO     ___FILE_ONLY___ ╚
2025-08-21 13:40:49,285 DEBUG    urllib3.connectionpool Starting new HTTPS connection (1): dl.google.com:443
2025-08-21 13:40:50,246 DEBUG    urllib3.connectionpool https://dl.google.com:443 "GET /dl/cloudsdk/channels/rapid/components/google-cloud-sdk-preview-20241115154308.tar.gz HTTP/11" 200 823
2025-08-21 13:40:50,247 INFO     ___FILE_ONLY___ ════════════════════════════════════════════════════════════
2025-08-21 13:40:50,247 INFO     ___FILE_ONLY___ ╝

2025-08-21 13:40:50,249 INFO     ___FILE_ONLY___ ╔════════════════════════════════════════════════════════════╗

2025-08-21 13:40:50,249 INFO     ___FILE_ONLY___ ╠═ Installing: gcloud Alpha Commands                        ═╣

2025-08-21 13:40:50,249 INFO     ___FILE_ONLY___ ╚
2025-08-21 13:40:50,250 INFO     ___FILE_ONLY___ ════════════════════════════════════════════════════════════
2025-08-21 13:40:50,250 INFO     ___FILE_ONLY___ ╝

2025-08-21 13:40:50,255 INFO     ___FILE_ONLY___ ╔════════════════════════════════════════════════════════════╗

2025-08-21 13:40:50,255 INFO     ___FILE_ONLY___ ╠═ Installing: gcloud Beta Commands                         ═╣

2025-08-21 13:40:50,255 INFO     ___FILE_ONLY___ ╚
2025-08-21 13:40:50,256 INFO     ___FILE_ONLY___ ════════════════════════════════════════════════════════════
2025-08-21 13:40:50,256 INFO     ___FILE_ONLY___ ╝

2025-08-21 13:40:50,260 INFO     ___FILE_ONLY___ ╔════════════════════════════════════════════════════════════╗

2025-08-21 13:40:50,260 INFO     ___FILE_ONLY___ ╠═ Installing: gcloud Preview Commands                      ═╣

2025-08-21 13:40:50,260 INFO     ___FILE_ONLY___ ╚
2025-08-21 13:40:50,261 INFO     ___FILE_ONLY___ ════════════════════════════════════════════════════════════
2025-08-21 13:40:50,261 INFO     ___FILE_ONLY___ ╝

2025-08-21 13:40:50,266 DEBUG    root            Updating notification cache...
2025-08-21 13:40:50,266 INFO     ___FILE_ONLY___ 

2025-08-21 13:40:50,268 INFO     ___FILE_ONLY___ Performing post processing steps...
2025-08-21 13:40:50,268 DEBUG    root            Executing command: ['/tools/google-cloud-sdk/bin/gcloud', 'components', 'post-process']
2025-08-21 13:40:59,163 DEBUG    ___FILE_ONLY___ 
2025-08-21 13:40:59,163 DEBUG    ___FILE_ONLY___ 
2025-08-21 13:40:59,280 INFO     root            descriptor_list: [{'universeDomain': 'googleapis.com', 'universeShortName': '', 'authenticationDomain': 'auth.cloud.google.com', 'projectPrefix': '', 'cloudWebDomain': 'cloud.google.com', 'documentationDomain': 'cloud.google.com', 'version': '1.0.0', 'state': 'primary', 'artifactRegistryDomain': 'pkg.dev'}]
2025-08-21 13:40:59,280 INFO     ___FILE_ONLY___ 
Update done!


2025-08-21 13:40:59,283 DEBUG    root            Chosen display Format:none
2025-08-21 13:40:59,283 INFO     root            Display format: "none"
